<?xml version="1.0" encoding="UTF-8"?>
<!-- Generated by org.testng.reporters.JUnitReportReporter -->
<testsuite hostname="PGUPTA-N" failures="0" tests="3" name="pac3.AllanotationsTest" time="0.002" errors="0" timestamp="2025-01-21T19:17:03 IST" skipped="0">
  <testcase classname="pac3.AllanotationsTest" name="gefts" time="0.001"/>
  <system-out/>
  <testcase classname="pac3.AllanotationsTest" name="geftd" time="0.000"/>
  <system-out/>
  <testcase classname="pac3.AllanotationsTest" name="geft" time="0.001"/>
  <system-out/>
</testsuite> <!-- pac3.AllanotationsTest -->
